# JRE version: OpenJDK Runtime Environment Microsoft-13106358 (17.0.18+8) (build 17.0.18+8-LTS)
# Java VM: OpenJDK 64-Bit Server VM Microsoft-13106358 (17.0.18+8-LTS, mixed mode, sharing, tiered, compressed oops, compressed class ptrs, g1 gc, windows-amd64)
GC Precious Log:
 CPUs: 8 total, 8 available
 Memory: 14213M
 Large Page Support: Disabled
 NUMA Support: Disabled
 Compressed Oops: Enabled (Zero based)
 Heap Region Size: 2M
 Heap Min Capacity: 8M
 Heap Initial Capacity: 224M
 Heap Max Capacity: 3554M
 Pre-touch: Disabled
 Parallel Workers: 8
 Concurrent Workers: 2
 Concurrent Refinement Workers: 8
 Periodic GC: Disabled
Heap:
 garbage-first heap   total 79872K, used 58965K [0x0000000721e00000, 0x0000000800000000)
  region size 2048K, 11 young (22528K), 1 survivors (2048K)
 Metaspace       used 43895K, committed 44160K, reserved 1114112K
  class space    used 5150K, committed 5248K, reserved 1048576K
GC Heap History (20 events):
Event: 2.213 GC heap before
{Heap before GC invocations=0 (full 0):
 garbage-first heap   total 229376K, used 24576K [0x0000000721e00000, 0x0000000800000000)
  region size 2048K, 11 young (22528K), 0 survivors (0K)
 Metaspace       used 6588K, committed 6720K, reserved 1114112K
  class space    used 602K, committed 640K, reserved 1048576K
}
Event: 2.230 GC heap after
{Heap after GC invocations=1 (full 0):
 garbage-first heap   total 229376K, used 6911K [0x0000000721e00000, 0x0000000800000000)
  region size 2048K, 2 young (4096K), 2 survivors (4096K)
 Metaspace       used 6588K, committed 6720K, reserved 1114112K
  class space    used 602K, committed 640K, reserved 1048576K
}
Event: 6.320 GC heap before
{Heap before GC invocations=1 (full 0):
 garbage-first heap   total 229376K, used 41727K [0x0000000721e00000, 0x0000000800000000)
  region size 2048K, 19 young (38912K), 2 survivors (4096K)
 Metaspace       used 13755K, committed 13952K, reserved 1114112K
  class space    used 1479K, committed 1600K, reserved 1048576K
}
Event: 6.331 GC heap after
{Heap after GC invocations=2 (full 0):
 garbage-first heap   total 229376K, used 12924K [0x0000000721e00000, 0x0000000800000000)
  region size 2048K, 3 young (6144K), 3 survivors (6144K)
 Metaspace       used 13755K, committed 13952K, reserved 1114112K
  class space    used 1479K, committed 1600K, reserved 1048576K
}
Event: 8.759 GC heap before
{Heap before GC invocations=2 (full 0):
 garbage-first heap   total 229376K, used 21116K [0x0000000721e00000, 0x0000000800000000)
  region size 2048K, 7 young (14336K), 3 survivors (6144K)
 Metaspace       used 14791K, committed 15040K, reserved 1114112K
  class space    used 1608K, committed 1728K, reserved 1048576K
}
Event: 8.767 GC heap after
{Heap after GC invocations=3 (full 0):
 garbage-first heap   total 229376K, used 15010K [0x0000000721e00000, 0x0000000800000000)
  region size 2048K, 1 young (2048K), 1 survivors (2048K)
 Metaspace       used 14791K, committed 15040K, reserved 1114112K
  class space    used 1608K, committed 1728K, reserved 1048576K
}
Event: 15.262 GC heap before
{Heap before GC invocations=3 (full 0):
 garbage-first heap   total 229376K, used 35490K [0x0000000721e00000, 0x0000000800000000)
  region size 2048K, 12 young (24576K), 1 survivors (2048K)
 Metaspace       used 21304K, committed 21504K, reserved 1114112K
  class space    used 2789K, committed 2880K, reserved 1048576K
}
Event: 15.266 GC heap after
{Heap after GC invocations=4 (full 0):
 garbage-first heap   total 229376K, used 15859K [0x0000000721e00000, 0x0000000800000000)
  region size 2048K, 2 young (4096K), 2 survivors (4096K)
 Metaspace       used 21304K, committed 21504K, reserved 1114112K
  class space    used 2789K, committed 2880K, reserved 1048576K
}
Event: 23.531 GC heap before
{Heap before GC invocations=5 (full 0):
 garbage-first heap   total 69632K, used 67059K [0x0000000721e00000, 0x0000000800000000)
  region size 2048K, 27 young (55296K), 2 survivors (4096K)
 Metaspace       used 30851K, committed 31040K, reserved 1114112K
  class space    used 3719K, committed 3776K, reserved 1048576K
}
Event: 23.548 GC heap after
{Heap after GC invocations=6 (full 0):
 garbage-first heap   total 79872K, used 21723K [0x0000000721e00000, 0x0000000800000000)
  region size 2048K, 5 young (10240K), 5 survivors (10240K)
 Metaspace       used 30851K, committed 31040K, reserved 1114112K
  class space    used 3719K, committed 3776K, reserved 1048576K
}
Event: 23.821 GC heap before
{Heap before GC invocations=6 (full 0):
 garbage-first heap   total 79872K, used 23771K [0x0000000721e00000, 0x0000000800000000)
  region size 2048K, 6 young (12288K), 5 survivors (10240K)
 Metaspace       used 30972K, committed 31168K, reserved 1114112K
  class space    used 3722K, committed 3776K, reserved 1048576K
}
Event: 23.837 GC heap after
{Heap after GC invocations=7 (full 0):
 garbage-first heap   total 79872K, used 22608K [0x0000000721e00000, 0x0000000800000000)
  region size 2048K, 1 young (2048K), 1 survivors (2048K)
 Metaspace       used 30972K, committed 31168K, reserved 1114112K
  class space    used 3722K, committed 3776K, reserved 1048576K
}
Event: 27.063 GC heap before
{Heap before GC invocations=7 (full 0):
 garbage-first heap   total 79872K, used 53328K [0x0000000721e00000, 0x0000000800000000)
  region size 2048K, 16 young (32768K), 1 survivors (2048K)
 Metaspace       used 31808K, committed 32000K, reserved 1114112K
  class space    used 3772K, committed 3840K, reserved 1048576K
}
Event: 27.087 GC heap after
{Heap after GC invocations=8 (full 0):
 garbage-first heap   total 79872K, used 30720K [0x0000000721e00000, 0x0000000800000000)
  region size 2048K, 2 young (4096K), 2 survivors (4096K)
 Metaspace       used 31808K, committed 32000K, reserved 1114112K
  class space    used 3772K, committed 3840K, reserved 1048576K
}
Event: 29.634 GC heap before
{Heap before GC invocations=8 (full 0):
 garbage-first heap   total 79872K, used 55296K [0x0000000721e00000, 0x0000000800000000)
  region size 2048K, 14 young (28672K), 2 survivors (4096K)
 Metaspace       used 35077K, committed 35392K, reserved 1114112K
  class space    used 4116K, committed 4288K, reserved 1048576K
}
Event: 29.651 GC heap after
{Heap after GC invocations=9 (full 0):
 garbage-first heap   total 79872K, used 35334K [0x0000000721e00000, 0x0000000800000000)
  region size 2048K, 2 young (4096K), 2 survivors (4096K)
 Metaspace       used 35077K, committed 35392K, reserved 1114112K
  class space    used 4116K, committed 4288K, reserved 1048576K
}
Event: 30.034 GC heap before
{Heap before GC invocations=9 (full 0):
 garbage-first heap   total 79872K, used 37382K [0x0000000721e00000, 0x0000000800000000)
  region size 2048K, 4 young (8192K), 2 survivors (4096K)
 Metaspace       used 35728K, committed 35968K, reserved 1114112K
  class space    used 4180K, committed 4288K, reserved 1048576K
}
Event: 30.044 GC heap after
{Heap after GC invocations=10 (full 0):
 garbage-first heap   total 79872K, used 35977K [0x0000000721e00000, 0x0000000800000000)
  region size 2048K, 1 young (2048K), 1 survivors (2048K)
 Metaspace       used 35728K, committed 35968K, reserved 1114112K
  class space    used 4180K, committed 4288K, reserved 1048576K
}
Event: 32.003 GC heap before
{Heap before GC invocations=11 (full 0):
 garbage-first heap   total 79872K, used 56457K [0x0000000721e00000, 0x0000000800000000)
  region size 2048K, 11 young (22528K), 1 survivors (2048K)
 Metaspace       used 38330K, committed 38656K, reserved 1114112K
  class space    used 4455K, committed 4608K, reserved 1048576K
}
Event: 32.017 GC heap after
{Heap after GC invocations=12 (full 0):
 garbage-first heap   total 79872K, used 38485K [0x0000000721e00000, 0x0000000800000000)
  region size 2048K, 2 young (4096K), 2 survivors (4096K)
 Metaspace       used 38330K, committed 38656K, reserved 1114112K
  class space    used 4455K, committed 4608K, reserved 1048576K
}

